This is pdfTeX, Version 3.1415926-2.4-1.40.13 (MiKTeX 2.9) (preloaded format=pdflatex 2013.8.19)  17 NOV 2013 12:28
entering extended mode
**UI_Thesis_LaTeX_Template.tex
(C:\Users\PulkitBansal\Downloads\btpreport\UI_Thesis_LaTeX_Template.tex
LaTeX2e <2011/06/27>
Babel <v3.8m> and hyphenation patterns for english, afrikaans, ancientgreek, ar
abic, armenian, assamese, basque, bengali, bokmal, bulgarian, catalan, coptic, 
croatian, czech, danish, dutch, esperanto, estonian, farsi, finnish, french, ga
lician, german, german-x-2012-05-30, greek, gujarati, hindi, hungarian, iceland
ic, indonesian, interlingua, irish, italian, kannada, kurmanji, latin, latvian,
 lithuanian, malayalam, marathi, mongolian, mongolianlmc, monogreek, ngerman, n
german-x-2012-05-30, nynorsk, oriya, panjabi, pinyin, polish, portuguese, roman
ian, russian, sanskrit, serbian, slovak, slovenian, spanish, swedish, swissgerm
an, tamil, telugu, turkish, turkmen, ukenglish, ukrainian, uppersorbian, usengl
ishmax, welsh, loaded.
("C:\Program Files (x86)\MiKTeX 2.9\tex\latex\base\report.cls"
Document Class: report 2007/10/19 v1.4h Standard LaTeX document class
("C:\Program Files (x86)\MiKTeX 2.9\tex\latex\base\size12.clo"
File: size12.clo 2007/10/19 v1.4h Standard LaTeX file (size option)
)
\c@part=\count79
\c@chapter=\count80
\c@section=\count81
\c@subsection=\count82
\c@subsubsection=\count83
\c@paragraph=\count84
\c@subparagraph=\count85
\c@figure=\count86
\c@table=\count87
\abovecaptionskip=\skip41
\belowcaptionskip=\skip42
\bibindent=\dimen102
)
("C:\Program Files (x86)\MiKTeX 2.9\tex\latex\base\inputenc.sty"
Package: inputenc 2008/03/30 v1.1d Input encoding file
\inpenc@prehook=\toks14
\inpenc@posthook=\toks15

("C:\Program Files (x86)\MiKTeX 2.9\tex\latex\base\latin1.def"
File: latin1.def 2008/03/30 v1.1d Input encoding file
))
("C:\Program Files (x86)\MiKTeX 2.9\tex\latex\amsmath\amsmath.sty"
Package: amsmath 2013/01/14 v2.14 AMS math features
\@mathmargin=\skip43

For additional information on amsmath, use the `?' option.
("C:\Program Files (x86)\MiKTeX 2.9\tex\latex\amsmath\amstext.sty"
Package: amstext 2000/06/29 v2.01

("C:\Program Files (x86)\MiKTeX 2.9\tex\latex\amsmath\amsgen.sty"
File: amsgen.sty 1999/11/30 v2.0
\@emptytoks=\toks16
\ex@=\dimen103
))
("C:\Program Files (x86)\MiKTeX 2.9\tex\latex\amsmath\amsbsy.sty"
Package: amsbsy 1999/11/29 v1.2d
\pmbraise@=\dimen104
)
("C:\Program Files (x86)\MiKTeX 2.9\tex\latex\amsmath\amsopn.sty"
Package: amsopn 1999/12/14 v2.01 operator names
)
\inf@bad=\count88
LaTeX Info: Redefining \frac on input line 210.
\uproot@=\count89
\leftroot@=\count90
LaTeX Info: Redefining \overline on input line 306.
\classnum@=\count91
\DOTSCASE@=\count92
LaTeX Info: Redefining \ldots on input line 378.
LaTeX Info: Redefining \dots on input line 381.
LaTeX Info: Redefining \cdots on input line 466.
\Mathstrutbox@=\box26
\strutbox@=\box27
\big@size=\dimen105
LaTeX Font Info:    Redeclaring font encoding OML on input line 566.
LaTeX Font Info:    Redeclaring font encoding OMS on input line 567.
\macc@depth=\count93
\c@MaxMatrixCols=\count94
\dotsspace@=\muskip10
\c@parentequation=\count95
\dspbrk@lvl=\count96
\tag@help=\toks17
\row@=\count97
\column@=\count98
\maxfields@=\count99
\andhelp@=\toks18
\eqnshift@=\dimen106
\alignsep@=\dimen107
\tagshift@=\dimen108
\tagwidth@=\dimen109
\totwidth@=\dimen110
\lineht@=\dimen111
\@envbody=\toks19
\multlinegap=\skip44
\multlinetaggap=\skip45
\mathdisplay@stack=\toks20
LaTeX Info: Redefining \[ on input line 2665.
LaTeX Info: Redefining \] on input line 2666.
)
("C:\Program Files (x86)\MiKTeX 2.9\tex\latex\thmtools\thmtools.sty"
Package: thmtools 2012/05/04 v63
\thmt@toks=\toks21
\c@thmt@dummyctr=\count100

("C:\Program Files (x86)\MiKTeX 2.9\tex\latex\thmtools\thm-patch.sty"
Package: thm-patch 2012/05/04 v63

("C:\Program Files (x86)\MiKTeX 2.9\tex\latex\thmtools\parseargs.sty"
Package: parseargs 2012/05/04 v63
\@parsespec=\toks22
))
("C:\Program Files (x86)\MiKTeX 2.9\tex\latex\thmtools\thm-kv.sty"
Package: thm-kv 2012/05/04 v63
Package thm-kv Info: Theorem names will be uppercased on input line 40.

("C:\Program Files (x86)\MiKTeX 2.9\tex\latex\graphics\keyval.sty"
Package: keyval 1999/03/16 v1.13 key=value parser (DPC)
\KV@toks@=\toks23
)
("C:\Program Files (x86)\MiKTeX 2.9\tex\generic\oberdiek\kvsetkeys.sty"
Package: kvsetkeys 2012/04/25 v1.16 Key value parser (HO)

("C:\Program Files (x86)\MiKTeX 2.9\tex\generic\oberdiek\infwarerr.sty"
Package: infwarerr 2010/04/08 v1.3 Providing info/warning/error messages (HO)
)
("C:\Program Files (x86)\MiKTeX 2.9\tex\generic\oberdiek\etexcmds.sty"
Package: etexcmds 2011/02/16 v1.5 Avoid name clashes with e-TeX commands (HO)

("C:\Program Files (x86)\MiKTeX 2.9\tex\generic\oberdiek\ifluatex.sty"
Package: ifluatex 2010/03/01 v1.3 Provides the ifluatex switch (HO)
Package ifluatex Info: LuaTeX not detected.
)
Package etexcmds Info: Could not find \expanded.
(etexcmds)             That can mean that you are not using pdfTeX 1.50 or
(etexcmds)             that some package has redefined \expanded.
(etexcmds)             In the latter case, load this package earlier.
))
Package thm-kv Info: kvsetkeys patch (v1.16 or later) on input line 156.
)
("C:\Program Files (x86)\MiKTeX 2.9\tex\latex\thmtools\thm-autoref.sty"
Package: thm-autoref 2012/05/04 v63

("C:\Program Files (x86)\MiKTeX 2.9\tex\latex\thmtools\aliasctr.sty"
Package: aliasctr 2012/05/04 v63

("C:\Program Files (x86)\MiKTeX 2.9\tex\latex\carlisle\remreset.sty")))
("C:\Program Files (x86)\MiKTeX 2.9\tex\latex\thmtools\thm-listof.sty"
Package: thm-listof 2012/05/04 v63
)
("C:\Program Files (x86)\MiKTeX 2.9\tex\latex\thmtools\thm-restate.sty"
Package: thm-restate 2012/05/04 v63
))
("C:\Program Files (x86)\MiKTeX 2.9\tex\latex\amscls\amsthm.sty"
Package: amsthm 2004/08/06 v2.20
\thm@style=\toks24
\thm@bodyfont=\toks25
\thm@headfont=\toks26
\thm@notefont=\toks27
\thm@headpunct=\toks28
\thm@preskip=\skip46
\thm@postskip=\skip47
\thm@headsep=\skip48
\dth@everypar=\toks29
)
("C:\Program Files (x86)\MiKTeX 2.9\tex\latex\amsfonts\amsfonts.sty"
Package: amsfonts 2013/01/14 v3.01 Basic AMSFonts support
\symAMSa=\mathgroup4
\symAMSb=\mathgroup5
LaTeX Font Info:    Overwriting math alphabet `\mathfrak' in version `bold'
(Font)                  U/euf/m/n --> U/euf/b/n on input line 106.
)
("C:\Program Files (x86)\MiKTeX 2.9\tex\latex\amsfonts\amssymb.sty"
Package: amssymb 2013/01/14 v3.01 AMS font symbols
)
("C:\Program Files (x86)\MiKTeX 2.9\tex\latex\base\fixltx2e.sty"
Package: fixltx2e 2006/09/13 v1.1m fixes to LaTeX
LaTeX Info: Redefining \em on input line 420.
LaTeX Info: The control sequence `\[' is already robust on input line 471.
LaTeX Info: The control sequence `\]' is already robust on input line 472.
)
("C:\Program Files (x86)\MiKTeX 2.9\tex\latex\oberdiek\epstopdf.sty"
Package: epstopdf 2010/02/09 v2.5 Conversion with epstopdf on the fly (HO)

("C:\Program Files (x86)\MiKTeX 2.9\tex\latex\oberdiek\epstopdf-base.sty"
Package: epstopdf-base 2010/02/09 v2.5 Base part for package epstopdf

("C:\Program Files (x86)\MiKTeX 2.9\tex\latex\oberdiek\grfext.sty"
Package: grfext 2010/08/19 v1.1 Manage graphics extensions (HO)

("C:\Program Files (x86)\MiKTeX 2.9\tex\generic\oberdiek\kvdefinekeys.sty"
Package: kvdefinekeys 2011/04/07 v1.3 Define keys (HO)

("C:\Program Files (x86)\MiKTeX 2.9\tex\generic\oberdiek\ltxcmds.sty"
Package: ltxcmds 2011/11/09 v1.22 LaTeX kernel commands for general use (HO)
)))
("C:\Program Files (x86)\MiKTeX 2.9\tex\latex\oberdiek\kvoptions.sty"
Package: kvoptions 2011/06/30 v3.11 Key value format for package options (HO)
)
("C:\Program Files (x86)\MiKTeX 2.9\tex\generic\oberdiek\pdftexcmds.sty"
Package: pdftexcmds 2011/11/29 v0.20 Utility functions of pdfTeX for LuaTeX (HO
)

("C:\Program Files (x86)\MiKTeX 2.9\tex\generic\oberdiek\ifpdf.sty"
Package: ifpdf 2011/01/30 v2.3 Provides the ifpdf switch (HO)
Package ifpdf Info: pdfTeX in PDF mode is detected.
)
Package pdftexcmds Info: LuaTeX not detected.
Package pdftexcmds Info: \pdf@primitive is available.
Package pdftexcmds Info: \pdf@ifprimitive is available.
Package pdftexcmds Info: \pdfdraftmode found.
)

Package epstopdf Warning: No graphics package `graphic{s,x}' loaded.

))
(C:\Users\PulkitBansal\AppData\Roaming\MiKTeX\2.9\tex\latex\wrapfig\wrapfig.sty
\wrapoverhang=\dimen112
\WF@size=\dimen113
\c@WF@wrappedlines=\count101
\WF@box=\box28
\WF@everypar=\toks30
Package: wrapfig 2003/01/31  v 3.6
) ("C:\Program Files (x86)\MiKTeX 2.9\tex\latex\graphics\graphicx.sty"
Package: graphicx 1999/02/16 v1.0f Enhanced LaTeX Graphics (DPC,SPQR)

("C:\Program Files (x86)\MiKTeX 2.9\tex\latex\graphics\graphics.sty"
Package: graphics 2009/02/05 v1.0o Standard LaTeX Graphics (DPC,SPQR)

("C:\Program Files (x86)\MiKTeX 2.9\tex\latex\graphics\trig.sty"
Package: trig 1999/03/16 v1.09 sin cos tan (DPC)
)
("C:\Program Files (x86)\MiKTeX 2.9\tex\latex\00miktex\graphics.cfg"
File: graphics.cfg 2007/01/18 v1.5 graphics configuration of teTeX/TeXLive
)
Package graphics Info: Driver file: pdftex.def on input line 91.

("C:\Program Files (x86)\MiKTeX 2.9\tex\latex\pdftex-def\pdftex.def"
File: pdftex.def 2011/05/27 v0.06d Graphics/color for pdfTeX
\Gread@gobject=\count102
))
\Gin@req@height=\dimen114
\Gin@req@width=\dimen115
)
(C:\Users\PulkitBansal\AppData\Roaming\MiKTeX\2.9\tex\latex\setspace\setspace.s
ty
Package: setspace 2011/12/19 v6.7a set line spacing
)
\c@proposition=\count103
\c@definition=\count104
\c@remark=\count105
\c@theorem=\count106
 (C:\Users\PulkitBansal\Downloads\btpreport\UI_Thesis_LaTeX_Template.aux)
LaTeX Font Info:    Checking defaults for OML/cmm/m/it on input line 83.
LaTeX Font Info:    ... okay on input line 83.
LaTeX Font Info:    Checking defaults for T1/cmr/m/n on input line 83.
LaTeX Font Info:    ... okay on input line 83.
LaTeX Font Info:    Checking defaults for OT1/cmr/m/n on input line 83.
LaTeX Font Info:    ... okay on input line 83.
LaTeX Font Info:    Checking defaults for OMS/cmsy/m/n on input line 83.
LaTeX Font Info:    ... okay on input line 83.
LaTeX Font Info:    Checking defaults for OMX/cmex/m/n on input line 83.
LaTeX Font Info:    ... okay on input line 83.
LaTeX Font Info:    Checking defaults for U/cmr/m/n on input line 83.
LaTeX Font Info:    ... okay on input line 83.


Package thmtools Warning: amsthm loaded after thmtools .


Package thmtools Warning: ntheorem loaded after thmtools .


(C:\Users\PulkitBansal\AppData\Roaming\MiKTeX\2.9\tex\context\base\supp-pdf.mki
i
[Loading MPS to PDF converter (version 2006.09.02).]
\scratchcounter=\count107
\scratchdimen=\dimen116
\scratchbox=\box29
\nofMPsegments=\count108
\nofMParguments=\count109
\everyMPshowfont=\toks31
\MPscratchCnt=\count110
\MPscratchDim=\dimen117
\MPnumerator=\count111
\makeMPintoPDFobject=\count112
\everyMPtoPDFconversion=\toks32
) [1{C:/Users/PulkitBansal/AppData/Local/MiKTeX/2.9/pdftex/config/pdftex.map}

]
(C:\Users\PulkitBansal\Downloads\btpreport\UI_Thesis_LaTeX_Template.toc
LaTeX Font Info:    Try loading font information for U+msa on input line 3.

("C:\Program Files (x86)\MiKTeX 2.9\tex\latex\amsfonts\umsa.fd"
File: umsa.fd 2013/01/14 v3.01 AMS symbols A
)
LaTeX Font Info:    Try loading font information for U+msb on input line 3.

("C:\Program Files (x86)\MiKTeX 2.9\tex\latex\amsfonts\umsb.fd"
File: umsb.fd 2013/01/14 v3.01 AMS symbols B
))
\tf@toc=\write3
 [2

]
Chapter 1.
<sampletimedautomaton.png, id=10, 563.2242pt x 287.6346pt>
File: sampletimedautomaton.png Graphic file (type png)

<use sampletimedautomaton.png>
Package pdftex.def Info: sampletimedautomaton.png used on input line 115.
(pdftex.def)             Requested size: 394.25426pt x 201.34283pt.


LaTeX Warning: `!h' float specifier changed to `!ht'.

<sampletimedautomatonrun.png, id=11, 505.89pt x 60.7068pt>
File: sampletimedautomatonrun.png Graphic file (type png)

<use sampletimedautomatonrun.png>
Package pdftex.def Info: sampletimedautomatonrun.png used on input line 123.
(pdftex.def)             Requested size: 354.12057pt x 42.49445pt.
 [1

]
Underfull \hbox (badness 10000) in paragraph at lines 128--132

 []

[2 <C:/Users/PulkitBansal/Downloads/btpreport/sampletimedautomaton.png> <C:/Use
rs/PulkitBansal/Downloads/btpreport/sampletimedautomatonrun.png>]
<regiongraph.png, id=27, 422.32782pt x 316.18124pt>
File: regiongraph.png Graphic file (type png)
 <use regiongraph.png>
Package pdftex.def Info: regiongraph.png used on input line 144.
(pdftex.def)             Requested size: 295.62746pt x 221.32535pt.

[3 <C:/Users/PulkitBansal/Downloads/btpreport/regiongraph.png (PNG copy)>]
[4]
Chapter 2.
LaTeX Font Info:    Try loading font information for OMS+cmr on input line 159.

("C:\Program Files (x86)\MiKTeX 2.9\tex\latex\base\omscmr.fd"
File: omscmr.fd 1999/05/25 v2.5h Standard LaTeX font definitions
)
LaTeX Font Info:    Font shape `OMS/cmr/m/it' in size <12> not available
(Font)              Font shape `OMS/cmsy/m/n' tried instead on input line 159.

<LSC.png, id=34, 628.2672pt x 184.5294pt>
File: LSC.png Graphic file (type png)
 <use LSC.png>
Package pdftex.def Info: LSC.png used on input line 176.
(pdftex.def)             Requested size: 439.78403pt x 129.1697pt.

Overfull \hbox (6.16403pt too wide) in paragraph at lines 176--177
 [][] 
 []

<lscrun.png, id=35, 506.8536pt x 78.5334pt>
File: lscrun.png Graphic file (type png)
 <use lscrun.png>
Package pdftex.def Info: lscrun.png used on input line 182.
(pdftex.def)             Requested size: 354.79509pt x 54.97299pt.
 [5

 <C:/Users/PulkitBansal/Downloads/btpreport/LSC.png> <C:/Users/PulkitBansal/Dow
nloads/btpreport/lscrun.png>] <RSC.png, id=42, 682.7106pt x 151.2852pt>
File: RSC.png Graphic file (type png)
 <use RSC.png>
Package pdftex.def Info: RSC.png used on input line 198.
(pdftex.def)             Requested size: 477.89415pt x 105.89891pt.

Overfull \hbox (44.27415pt too wide) in paragraph at lines 198--199
 [][] 
 []

<rscrun.png, id=43, 281.853pt x 78.5334pt>
File: rscrun.png Graphic file (type png)
 <use rscrun.png>
Package pdftex.def Info: rscrun.png used on input line 204.
(pdftex.def)             Requested size: 197.29575pt x 54.97299pt.

<open.png, id=44, 440.3652pt x 100.6962pt>
File: open.png Graphic file (type png)
 <use open.png>
Package pdftex.def Info: open.png used on input line 211.
(pdftex.def)             Requested size: 308.25354pt x 70.48685pt.

<openrun.png, id=45, 249.5724pt x 60.7068pt>
File: openrun.png Graphic file (type png)
 <use openrun.png>
Package pdftex.def Info: openrun.png used on input line 217.
(pdftex.def)             Requested size: 174.69948pt x 42.49445pt.
 [6 <C:/Users/PulkitBansal/Downloads/btpreport/RSC.png> <C:/Users/PulkitBansal/
Downloads/btpreport/rscrun.png> <C:/Users/PulkitBansal/Downloads/btpreport/open
.png> <C:/Users/PulkitBansal/Downloads/btpreport/openrun.png>]
Underfull \hbox (badness 10000) in paragraph at lines 230--232

 []


Underfull \hbox (badness 10000) in paragraph at lines 233--237

 []

[7]
No file UI_Thesis_LaTeX_Template.bbl.
[8

] (C:\Users\PulkitBansal\Downloads\btpreport\UI_Thesis_LaTeX_Template.aux) ) 
Here is how much of TeX's memory you used:
 2972 strings out of 493921
 42182 string characters out of 3144855
 98286 words of memory out of 3000000
 6172 multiletter control sequences out of 15000+200000
 11809 words of font info for 43 fonts, out of 3000000 for 9000
 841 hyphenation exceptions out of 8191
 38i,11n,24p,1099b,273s stack positions out of 5000i,500n,10000p,200000b,50000s
<C:
/Program Files (x86)/MiKTeX 2.9/fonts/type1/public/amsfonts/cm/cmbx12.pfb><C:/P
rogram Files (x86)/MiKTeX 2.9/fonts/type1/public/amsfonts/cm/cmmi12.pfb><C:/Pro
gram Files (x86)/MiKTeX 2.9/fonts/type1/public/amsfonts/cm/cmr12.pfb><C:/Progra
m Files (x86)/MiKTeX 2.9/fonts/type1/public/amsfonts/cm/cmr6.pfb><C:/Program Fi
les (x86)/MiKTeX 2.9/fonts/type1/public/amsfonts/cm/cmr8.pfb><C:/Program Files 
(x86)/MiKTeX 2.9/fonts/type1/public/amsfonts/cm/cmsy10.pfb><C:/Program Files (x
86)/MiKTeX 2.9/fonts/type1/public/amsfonts/cm/cmti12.pfb><C:/Program Files (x86
)/MiKTeX 2.9/fonts/type1/public/amsfonts/cm/cmti8.pfb><C:/Program Files (x86)/M
iKTeX 2.9/fonts/type1/public/amsfonts/symbols/msbm10.pfb>
Output written on UI_Thesis_LaTeX_Template.pdf (10 pages, 231784 bytes).
PDF statistics:
 88 PDF objects out of 1000 (max. 8388607)
 0 named destinations out of 1000 (max. 500000)
 46 words of extra memory for PDF output out of 10000 (max. 10000000)

